2025-11-13 22:49:40,787 - INFO - --- Application Start: Global Index Analyzer v2.9.10 ---
2025-11-13 22:49:40,990 - INFO - Cache directory set to: cache_v2_9_10
2025-11-13 22:49:40,991 - INFO - UI styles configured.
2025-11-13 22:49:41,072 - INFO - UI setup complete.
2025-11-13 22:49:41,072 - INFO - Application initialized successfully.
2025-11-13 22:49:41,072 - INFO - Starting Tkinter main loop.
2025-11-13 22:49:44,107 - INFO - 'Analyze Data' button clicked.
2025-11-13 22:49:44,108 - INFO - Validating user inputs.
2025-11-13 22:49:44,112 - INFO - Input validation successful. Ticker: ^J203.JO, Start: 1990, End: 2025-11-13
2025-11-13 22:49:44,113 - INFO - Starting data download for ticker: ^J203.JO
2025-11-13 22:49:46,099 - INFO - Data download complete. Processing data...
2025-11-13 22:49:46,110 - INFO - Data processing complete. Updating UI.
2025-11-13 22:49:46,110 - INFO - Updating all charts.
2025-11-13 22:49:46,170 - INFO - Updating bar chart with metric: Average
2025-11-13 22:49:46,284 - INFO - Updating heatmap.
2025-11-13 22:49:46,631 - INFO - Updating risk vs return scatter plot.
2025-11-13 22:49:46,798 - INFO - Updating comparison chart.
2025-11-13 22:49:46,798 - INFO - No comparison data to display.
2025-11-13 22:49:46,798 - INFO - Updating summary tab.
2025-11-13 22:49:46,798 - INFO - Summary tab updated.
2025-11-13 22:49:46,800 - INFO - Updating summary tab.
2025-11-13 22:49:46,801 - INFO - Summary tab updated.
2025-11-13 22:49:47,695 - INFO - 'ML Analysis' button clicked.
2025-11-13 22:49:49,384 - INFO - ML analysis completed successfully.
2025-11-13 22:49:56,067 - INFO - Configuration panel hidden.
